#
# A fatal error has been detected by the Java Runtime Environment:
#
#  EXCEPTION_ACCESS_VIOLATION (0xc0000005) at pc=0x000000007796a6dd, pid=5796, tid=0x0000000000000140
#
# JRE version: Java(TM) SE Runtime Environment (8.0_161-b12) (build 1.8.0_161-b12)
# Java VM: Java HotSpot(TM) 64-Bit Server VM (25.161-b12 mixed mode windows-amd64 compressed oops)
# Problematic frame:
# C  [ntdll.dll+0x1a6dd]
#
# Failed to write core dump. Minidumps are not enabled by default on client versions of Windows
#
# If you would like to submit a bug report, please visit:
#   http://bugreport.java.com/bugreport/crash.jsp
#

---------------  T H R E A D  ---------------

Current thread (0x000000005254f000):  JavaThread "C2 CompilerThread0" daemon [_thread_in_native, id=320, stack(0x0000000052ef0000,0x0000000052ff0000)]

siginfo: ExceptionCode=0xc0000005, writing address 0x0000000000001214

Registers:
RAX=0x0000000000001214, RBX=0x0000000000170000, RCX=0x00000000ffffff06, RDX=0x0000000059265050
RSP=0x0000000052feba90, RBP=0x0000000000000000, RSI=0x0000000059335f60, RDI=0x0000000000100000
R8 =0x000000005740eff0, R9 =0x00000000001742b0, R10=0x000000000000111a, R11=0x00000000000006fe
R12=0x0000000000170158, R13=0x0000000000170158, R14=0x0000000077a65430, R15=0x0000000000000000
RIP=0x000000007796a6dd, EFLAGS=0x0000000000010286

Top of Stack: (sp=0x0000000052feba90)
0x0000000052feba90:   0000000000000000 00000000570ad760
0x0000000052febaa0:   000000005740eff0 00000000570ad770
0x0000000052febab0:   000000005740eff0 0000000071218495
0x0000000052febac0:   0000000100000201 000000000000111a
0x0000000052febad0:   0000000000000000 000000000000005b
0x0000000052febae0:   00000000592c70e0 0000000000000000
0x0000000052febaf0:   00000000001742b0 0000121458ffe434
0x0000000052febb00:   000000000000045a 00020000e434031d
0x0000000052febb10:   00000000000003ff 000000028002d600
0x0000000052febb20:   0332000052feeb58 000000007121e434
0x0000000052febb30:   000000005740eff0 00000000000087f2
0x0000000052febb40:   0000000000000000 00000000592c70e0
0x0000000052febb50:   020a000000000000 00000000592c70f0
0x0000000052febb60:   000000000000031d 0000000000000000
0x0000000052febb70:   00000000000002b2 00000000000003ff
0x0000000052febb80:   00000000001742b0 00000000570ad770 

Instructions: (pc=0x000000007796a6dd)
0x000000007796a6bd:   04 00 00 0f b7 84 24 d0 04 00 00 66 89 44 24 6c
0x000000007796a6cd:   0f b7 c0 41 8b ca 2b c8 85 c9 0f 8f 51 4f ff ff
0x000000007796a6dd:   4c 8b c2 48 89 94 24 a0 00 00 00 e9 00 96 03 00
0x000000007796a6ed:   90 90 90 90 90 90 90 90 90 90 90 90 90 90 90 90 


Register to memory mapping:

RAX=0x0000000000001214 is an unknown value
RBX=0x0000000000170000 is an unknown value
RCX=0x00000000ffffff06 is an unallocated location in the heap
RDX=0x0000000059265050 is an unknown value
RSP=0x0000000052feba90 is pointing into the stack for thread: 0x000000005254f000
RBP=0x0000000000000000 is an unknown value
RSI=0x0000000059335f60 is an unknown value
RDI=0x0000000000100000 is an unknown value
R8 =0x000000005740eff0 is an unknown value
R9 =0x00000000001742b0 is an unknown value
R10=0x000000000000111a is an unknown value
R11=0x00000000000006fe is an unknown value
R12=0x0000000000170158 is an unknown value
R13=0x0000000000170158 is an unknown value
R14=0x0000000077a65430 is an unknown value
R15=0x0000000000000000 is an unknown value


Stack: [0x0000000052ef0000,0x0000000052ff0000],  sp=0x0000000052feba90,  free space=1006k
Native frames: (J=compiled Java code, j=interpreted, Vv=VM code, C=native code)


Current CompileTask:
C2:   8325 3015       4       jp.ac.kobe_u.cs.cream.Relation::satisfy (300 bytes)


---------------  P R O C E S S  ---------------

Java Threads: ( => current thread )
  0x0000000056865800 JavaThread "Thread-1795" [_thread_in_Java, id=4320, stack(0x0000000056120000,0x0000000056220000)]
  0x0000000056865000 JavaThread "TimerQueue" daemon [_thread_blocked, id=6048, stack(0x0000000055620000,0x0000000055720000)]
  0x000000000017e000 JavaThread "DestroyJavaVM" [_thread_blocked, id=4720, stack(0x0000000002290000,0x0000000002390000)]
  0x0000000053c78800 JavaThread "AWT-EventQueue-0" [_thread_blocked, id=4252, stack(0x0000000053000000,0x0000000053100000)]
  0x0000000053c6f000 JavaThread "AWT-Windows" daemon [_thread_in_native, id=1808, stack(0x00000000544c0000,0x00000000545c0000)]
  0x0000000053c6e800 JavaThread "AWT-Shutdown" [_thread_blocked, id=6040, stack(0x00000000545e0000,0x00000000546e0000)]
  0x0000000053c63000 JavaThread "Java2D Disposer" daemon [_thread_blocked, id=2032, stack(0x0000000054370000,0x0000000054470000)]
  0x00000000525b2800 JavaThread "Service Thread" daemon [_thread_blocked, id=5492, stack(0x00000000532f0000,0x00000000533f0000)]
  0x00000000525af000 JavaThread "C1 CompilerThread1" daemon [_thread_blocked, id=1560, stack(0x0000000053140000,0x0000000053240000)]
=>0x000000005254f000 JavaThread "C2 CompilerThread0" daemon [_thread_in_native, id=320, stack(0x0000000052ef0000,0x0000000052ff0000)]
  0x000000005254d800 JavaThread "Attach Listener" daemon [_thread_blocked, id=5412, stack(0x0000000052ce0000,0x0000000052de0000)]
  0x000000005254c800 JavaThread "Signal Dispatcher" daemon [_thread_blocked, id=2492, stack(0x0000000052b20000,0x0000000052c20000)]
  0x00000000020eb800 JavaThread "Finalizer" daemon [_thread_blocked, id=4508, stack(0x0000000052a10000,0x0000000052b10000)]
  0x00000000020e9800 JavaThread "Reference Handler" daemon [_thread_blocked, id=308, stack(0x0000000052830000,0x0000000052930000)]

Other Threads:
  0x00000000020e1000 VMThread [stack: 0x0000000052680000,0x0000000052780000] [id=2680]
  0x00000000525b7800 WatcherThread [stack: 0x0000000053430000,0x0000000053530000] [id=5372]

VM state:not at safepoint (normal execution)

VM Mutex/Monitor currently owned by a thread: None

Heap:
 def new generation   total 19712K, used 17840K [0x00000000c0000000, 0x00000000c1560000, 0x00000000d5550000)
  eden space 17536K, 100% used [0x00000000c0000000, 0x00000000c1120000, 0x00000000c1120000)
  from space 2176K,  14% used [0x00000000c1340000, 0x00000000c138c320, 0x00000000c1560000)
  to   space 2176K,   0% used [0x00000000c1120000, 0x00000000c1120000, 0x00000000c1340000)
 tenured generation   total 43712K, used 24908K [0x00000000d5550000, 0x00000000d8000000, 0x0000000100000000)
   the space 43712K,  56% used [0x00000000d5550000, 0x00000000d6da33d8, 0x00000000d6da3400, 0x00000000d8000000)
 Metaspace       used 27786K, capacity 29480K, committed 29696K, reserved 1075200K
  class space    used 3533K, capacity 4294K, committed 4352K, reserved 1048576K

Card table byte_map: [0x0000000011a20000,0x0000000011c30000] byte_map_base: 0x0000000011420000

Polling page: 0x0000000000120000

CodeCache: size=245760Kb used=9529Kb max_used=9560Kb free=236230Kb
 bounds [0x0000000002660000, 0x0000000002fd0000, 0x0000000011660000]
 total_blobs=3262 nmethods=2680 adapters=492
 compilation: enabled

Compilation events (10 events):
Event: 8.099 Thread 0x000000005254f000 nmethod 3001 0x0000000002fb0650 code [0x0000000002fb0820, 0x0000000002fb1178]
Event: 8.100 Thread 0x00000000525af000 2993 %     3       com.bestcode.mathparser.MathParserImpl::CheckBrackets @ 9 (69 bytes)
Event: 8.100 Thread 0x00000000525af000 nmethod 2993% 0x0000000002adfa10 code [0x0000000002adfbc0, 0x0000000002ae0340]
Event: 8.101 Thread 0x00000000525af000 2986       3       com.bestcode.mathparser.MathParserImpl::isValidName (35 bytes)
Event: 8.101 Thread 0x00000000525af000 nmethod 2986 0x0000000002d9ab50 code [0x0000000002d9ad00, 0x0000000002d9b2d0]
Event: 8.102 Thread 0x000000005254f000 3013  s    4       java.util.Vector::elementAt (48 bytes)
Event: 8.104 Thread 0x000000005254f000 nmethod 3013 0x0000000002afc050 code [0x0000000002afc1a0, 0x0000000002afc3f8]
Event: 8.108 Thread 0x000000005254f000 3014 %     4       jp.ac.kobe_u.cs.cream.Relation::satisfy @ 108 (300 bytes)
Event: 8.227 Thread 0x000000005254f000 nmethod 3014% 0x0000000002fba050 code [0x0000000002fba400, 0x0000000002fbf410]
Event: 8.230 Thread 0x000000005254f000 3015       4       jp.ac.kobe_u.cs.cream.Relation::satisfy (300 bytes)

GC Heap History (10 events):
Event: 7.631 GC heap before
{Heap before GC invocations=23 (full 1):
 def new generation   total 19712K, used 17957K [0x00000000c0000000, 0x00000000c1560000, 0x00000000d5550000)
  eden space 17536K, 100% used [0x00000000c0000000, 0x00000000c1120000, 0x00000000c1120000)
  from space 2176K,  19% used [0x00000000c1120000, 0x00000000c1189708, 0x00000000c1340000)
  to   space 2176K,   0% used [0x00000000c1340000, 0x00000000c1340000, 0x00000000c1560000)
 tenured generation   total 43712K, used 24491K [0x00000000d5550000, 0x00000000d8000000, 0x0000000100000000)
   the space 43712K,  56% used [0x00000000d5550000, 0x00000000d6d3af58, 0x00000000d6d3b000, 0x00000000d8000000)
 Metaspace       used 27753K, capacity 29480K, committed 29696K, reserved 1075200K
  class space    used 3533K, capacity 4294K, committed 4352K, reserved 1048576K
Event: 7.633 GC heap after
Heap after GC invocations=24 (full 1):
 def new generation   total 19712K, used 911K [0x00000000c0000000, 0x00000000c1560000, 0x00000000d5550000)
  eden space 17536K,   0% used [0x00000000c0000000, 0x00000000c0000000, 0x00000000c1120000)
  from space 2176K,  41% used [0x00000000c1340000, 0x00000000c1423fc0, 0x00000000c1560000)
  to   space 2176K,   0% used [0x00000000c1120000, 0x00000000c1120000, 0x00000000c1340000)
 tenured generation   total 43712K, used 24491K [0x00000000d5550000, 0x00000000d8000000, 0x0000000100000000)
   the space 43712K,  56% used [0x00000000d5550000, 0x00000000d6d3af58, 0x00000000d6d3b000, 0x00000000d8000000)
 Metaspace       used 27753K, capacity 29480K, committed 29696K, reserved 1075200K
  class space    used 3533K, capacity 4294K, committed 4352K, reserved 1048576K
}
Event: 7.879 GC heap before
{Heap before GC invocations=24 (full 1):
 def new generation   total 19712K, used 18447K [0x00000000c0000000, 0x00000000c1560000, 0x00000000d5550000)
  eden space 17536K, 100% used [0x00000000c0000000, 0x00000000c1120000, 0x00000000c1120000)
  from space 2176K,  41% used [0x00000000c1340000, 0x00000000c1423fc0, 0x00000000c1560000)
  to   space 2176K,   0% used [0x00000000c1120000, 0x00000000c1120000, 0x00000000c1340000)
 tenured generation   total 43712K, used 24491K [0x00000000d5550000, 0x00000000d8000000, 0x0000000100000000)
   the space 43712K,  56% used [0x00000000d5550000, 0x00000000d6d3af58, 0x00000000d6d3b000, 0x00000000d8000000)
 Metaspace       used 27755K, capacity 29480K, committed 29696K, reserved 1075200K
  class space    used 3533K, capacity 4294K, committed 4352K, reserved 1048576K
Event: 7.882 GC heap after
Heap after GC invocations=25 (full 1):
 def new generation   total 19712K, used 1150K [0x00000000c0000000, 0x00000000c1560000, 0x00000000d5550000)
  eden space 17536K,   0% used [0x00000000c0000000, 0x00000000c0000000, 0x00000000c1120000)
  from space 2176K,  52% used [0x00000000c1120000, 0x00000000c123fbf0, 0x00000000c1340000)
  to   space 2176K,   0% used [0x00000000c1340000, 0x00000000c1340000, 0x00000000c1560000)
 tenured generation   total 43712K, used 24491K [0x00000000d5550000, 0x00000000d8000000, 0x0000000100000000)
   the space 43712K,  56% used [0x00000000d5550000, 0x00000000d6d3af58, 0x00000000d6d3b000, 0x00000000d8000000)
 Metaspace       used 27755K, capacity 29480K, committed 29696K, reserved 1075200K
  class space    used 3533K, capacity 4294K, committed 4352K, reserved 1048576K
}
Event: 7.904 GC heap before
{Heap before GC invocations=25 (full 1):
 def new generation   total 19712K, used 18686K [0x00000000c0000000, 0x00000000c1560000, 0x00000000d5550000)
  eden space 17536K, 100% used [0x00000000c0000000, 0x00000000c1120000, 0x00000000c1120000)
  from space 2176K,  52% used [0x00000000c1120000, 0x00000000c123fbf0, 0x00000000c1340000)
  to   space 2176K,   0% used [0x00000000c1340000, 0x00000000c1340000, 0x00000000c1560000)
 tenured generation   total 43712K, used 24491K [0x00000000d5550000, 0x00000000d8000000, 0x0000000100000000)
   the space 43712K,  56% used [0x00000000d5550000, 0x00000000d6d3af58, 0x00000000d6d3b000, 0x00000000d8000000)
 Metaspace       used 27756K, capacity 29480K, committed 29696K, reserved 1075200K
  class space    used 3533K, capacity 4294K, committed 4352K, reserved 1048576K
Event: 7.906 GC heap after
Heap after GC invocations=26 (full 1):
 def new generation   total 19712K, used 170K [0x00000000c0000000, 0x00000000c1560000, 0x00000000d5550000)
  eden space 17536K,   0% used [0x00000000c0000000, 0x00000000c0000000, 0x00000000c1120000)
  from space 2176K,   7% used [0x00000000c1340000, 0x00000000c136ab58, 0x00000000c1560000)
  to   space 2176K,   0% used [0x00000000c1120000, 0x00000000c1120000, 0x00000000c1340000)
 tenured generation   total 43712K, used 24908K [0x00000000d5550000, 0x00000000d8000000, 0x0000000100000000)
   the space 43712K,  56% used [0x00000000d5550000, 0x00000000d6da33d8, 0x00000000d6da3400, 0x00000000d8000000)
 Metaspace       used 27756K, capacity 29480K, committed 29696K, reserved 1075200K
  class space    used 3533K, capacity 4294K, committed 4352K, reserved 1048576K
}
Event: 7.923 GC heap before
{Heap before GC invocations=26 (full 1):
 def new generation   total 19712K, used 17706K [0x00000000c0000000, 0x00000000c1560000, 0x00000000d5550000)
  eden space 17536K, 100% used [0x00000000c0000000, 0x00000000c1120000, 0x00000000c1120000)
  from space 2176K,   7% used [0x00000000c1340000, 0x00000000c136ab58, 0x00000000c1560000)
  to   space 2176K,   0% used [0x00000000c1120000, 0x00000000c1120000, 0x00000000c1340000)
 tenured generation   total 43712K, used 24908K [0x00000000d5550000, 0x00000000d8000000, 0x0000000100000000)
   the space 43712K,  56% used [0x00000000d5550000, 0x00000000d6da33d8, 0x00000000d6da3400, 0x00000000d8000000)
 Metaspace       used 27756K, capacity 29480K, committed 29696K, reserved 1075200K
  class space    used 3533K, capacity 4294K, committed 4352K, reserved 1048576K
Event: 7.924 GC heap after
Heap after GC invocations=27 (full 1):
 def new generation   total 19712K, used 188K [0x00000000c0000000, 0x00000000c1560000, 0x00000000d5550000)
  eden space 17536K,   0% used [0x00000000c0000000, 0x00000000c0000000, 0x00000000c1120000)
  from space 2176K,   8% used [0x00000000c1120000, 0x00000000c114f128, 0x00000000c1340000)
  to   space 2176K,   0% used [0x00000000c1340000, 0x00000000c1340000, 0x00000000c1560000)
 tenured generation   total 43712K, used 24908K [0x00000000d5550000, 0x00000000d8000000, 0x0000000100000000)
   the space 43712K,  56% used [0x00000000d5550000, 0x00000000d6da33d8, 0x00000000d6da3400, 0x00000000d8000000)
 Metaspace       used 27756K, capacity 29480K, committed 29696K, reserved 1075200K
  class space    used 3533K, capacity 4294K, committed 4352K, reserved 1048576K
}
Event: 7.944 GC heap before
{Heap before GC invocations=27 (full 1):
 def new generation   total 19712K, used 17724K [0x00000000c0000000, 0x00000000c1560000, 0x00000000d5550000)
  eden space 17536K, 100% used [0x00000000c0000000, 0x00000000c1120000, 0x00000000c1120000)
  from space 2176K,   8% used [0x00000000c1120000, 0x00000000c114f128, 0x00000000c1340000)
  to   space 2176K,   0% used [0x00000000c1340000, 0x00000000c1340000, 0x00000000c1560000)
 tenured generation   total 43712K, used 24908K [0x00000000d5550000, 0x00000000d8000000, 0x0000000100000000)
   the space 43712K,  56% used [0x00000000d5550000, 0x00000000d6da33d8, 0x00000000d6da3400, 0x00000000d8000000)
 Metaspace       used 27757K, capacity 29480K, committed 29696K, reserved 1075200K
  class space    used 3533K, capacity 4294K, committed 4352K, reserved 1048576K
Event: 7.945 GC heap after
Heap after GC invocations=28 (full 1):
 def new generation   total 19712K, used 304K [0x00000000c0000000, 0x00000000c1560000, 0x00000000d5550000)
  eden space 17536K,   0% used [0x00000000c0000000, 0x00000000c0000000, 0x00000000c1120000)
  from space 2176K,  14% used [0x00000000c1340000, 0x00000000c138c320, 0x00000000c1560000)
  to   space 2176K,   0% used [0x00000000c1120000, 0x00000000c1120000, 0x00000000c1340000)
 tenured generation   total 43712K, used 24908K [0x00000000d5550000, 0x00000000d8000000, 0x0000000100000000)
   the space 43712K,  56% used [0x00000000d5550000, 0x00000000d6da33d8, 0x00000000d6da3400, 0x00000000d8000000)
 Metaspace       used 27757K, capacity 29480K, committed 29696K, reserved 1075200K
  class space    used 3533K, capacity 4294K, committed 4352K, reserved 1048576K
}

Deoptimization events (10 events):
Event: 6.503 Thread 0x0000000053c78800 Uncommon trap: reason=unstable_if action=reinterpret pc=0x0000000002770270 method=java.util.regex.Pattern.escape(ZZZ)I @ 721
Event: 7.537 Thread 0x0000000056866800 Uncommon trap: reason=unstable_if action=reinterpret pc=0x0000000002f570b8 method=jp.ac.kobe_u.cs.cream.IntDomain.remove(I)V @ 42
Event: 7.568 Thread 0x0000000053c78800 Uncommon trap: reason=unstable_if action=reinterpret pc=0x0000000002ad4b24 method=com.st.microxplorer.mcu.Pin.isMappedWith(Lcom/st/microxplorer/mcu/Signal;)Z @ 4
Event: 7.617 Thread 0x0000000053c78800 Uncommon trap: reason=unstable_if action=reinterpret pc=0x0000000002b4d32c method=com.st.microxplorer.mcu.Mode.getValue()D @ 4
Event: 7.875 Thread 0x0000000056865800 Uncommon trap: reason=unstable_if action=reinterpret pc=0x0000000002c85ee4 method=jp.ac.kobe_u.cs.cream.Relation.satisfy(Ljp/ac/kobe_u/cs/cream/Trail;)Z @ 233
Event: 7.980 Thread 0x0000000053c78800 Uncommon trap: reason=class_check action=maybe_recompile pc=0x0000000002e1536c method=com.st.microxplorer.util.MXSemaphore.getValue()D @ 27
Event: 7.995 Thread 0x0000000053c78800 Uncommon trap: reason=unstable_if action=reinterpret pc=0x000000000285e2b8 method=com.st.microxplorer.mcu.Mode.isSet()Z @ 93
Event: 7.995 Thread 0x0000000053c78800 Uncommon trap: reason=class_check action=maybe_recompile pc=0x0000000002e1536c method=com.st.microxplorer.util.MXSemaphore.getValue()D @ 27
Event: 7.995 Thread 0x0000000053c78800 Uncommon trap: reason=class_check action=maybe_recompile pc=0x0000000002e1536c method=com.st.microxplorer.util.MXSemaphore.getValue()D @ 27
Event: 7.995 Thread 0x0000000053c78800 Uncommon trap: reason=class_check action=maybe_recompile pc=0x0000000002e1536c method=com.st.microxplorer.util.MXSemaphore.getValue()D @ 27

Classes redefined (0 events):
No events

Internal exceptions (10 events):
Event: 5.164 Thread 0x00000000565a4800 Exception <a 'java/io/IOException'> (0x00000000c08a0898) thrown at [C:\re\workspace\8-2-build-windows-amd64-cygwin\jdk8u161\10277\hotspot\src\share\vm\prims\jni.cpp, line 709]
Event: 5.165 Thread 0x00000000565a4800 Exception <a 'java/io/IOException'> (0x00000000c08a0af8) thrown at [C:\re\workspace\8-2-build-windows-amd64-cygwin\jdk8u161\10277\hotspot\src\share\vm\prims\jni.cpp, line 709]
Event: 5.165 Thread 0x00000000565a4800 Exception <a 'java/io/IOException'> (0x00000000c08a2530) thrown at [C:\re\workspace\8-2-build-windows-amd64-cygwin\jdk8u161\10277\hotspot\src\share\vm\prims\jni.cpp, line 709]
Event: 5.165 Thread 0x00000000565a4800 Exception <a 'java/io/IOException'> (0x00000000c08a2790) thrown at [C:\re\workspace\8-2-build-windows-amd64-cygwin\jdk8u161\10277\hotspot\src\share\vm\prims\jni.cpp, line 709]
Event: 6.427 Thread 0x0000000053c78800 Implicit null exception at 0x00000000027a06f4 to 0x00000000027a099d
Event: 6.427 Thread 0x0000000053c78800 Implicit null exception at 0x0000000002e86181 to 0x0000000002e8956d
Event: 6.427 Thread 0x0000000053c78800 Exception <a 'java/lang/NullPointerException'> (0x00000000c0587a10) thrown at [C:\re\workspace\8-2-build-windows-amd64-cygwin\jdk8u161\10277\hotspot\src\share\vm\runtime\sharedRuntime.cpp, line 605]
Event: 6.428 Thread 0x0000000053c78800 Implicit null exception at 0x0000000002956d8b to 0x0000000002956fd7
Event: 6.488 Thread 0x0000000053c78800 Exception <a 'java/io/IOException'> (0x00000000c00ca3e0) thrown at [C:\re\workspace\8-2-build-windows-amd64-cygwin\jdk8u161\10277\hotspot\src\share\vm\prims\jni.cpp, line 709]
Event: 6.488 Thread 0x0000000053c78800 Exception <a 'java/io/IOException'> (0x00000000c00ca828) thrown at [C:\re\workspace\8-2-build-windows-amd64-cygwin\jdk8u161\10277\hotspot\src\share\vm\prims\jni.cpp, line 709]

Events (10 events):
Event: 8.107 Thread 0x0000000056866800 Thread exited: 0x0000000056866800
Event: 8.107 Thread 0x0000000056866800 Thread added: 0x0000000056866800
Event: 8.107 Thread 0x0000000056865800 Thread exited: 0x0000000056865800
Event: 8.108 Thread 0x0000000056865800 Thread added: 0x0000000056865800
Event: 8.108 Thread 0x0000000056866800 Thread exited: 0x0000000056866800
Event: 8.108 Thread 0x0000000056866800 Thread added: 0x0000000056866800
Event: 8.108 Thread 0x0000000056865800 Thread exited: 0x0000000056865800
Event: 8.108 Thread 0x0000000056865800 Thread added: 0x0000000056865800
Event: 8.108 Thread 0x0000000056866800 Thread exited: 0x0000000056866800
Event: 8.282 Thread 0x0000000056865800 DEOPT PACKING pc=0x0000000002c8b2fd sp=0x000000005621f0d0


Dynamic libraries:
0x000000013f1d0000 - 0x000000013f207000 	C:\Program Files\Java\jre1.8.0_161\bin\javaw.exe
0x0000000077950000 - 0x0000000077af9000 	C:\Windows\SYSTEM32\ntdll.dll
0x0000000077730000 - 0x000000007784f000 	C:\Windows\system32\kernel32.dll
0x000007fefdae0000 - 0x000007fefdb4b000 	C:\Windows\system32\KERNELBASE.dll
0x000007feff8d0000 - 0x000007feff9ab000 	C:\Windows\system32\ADVAPI32.dll
0x000007fefee00000 - 0x000007fefee9f000 	C:\Windows\system32\msvcrt.dll
0x000007feffbd0000 - 0x000007feffbef000 	C:\Windows\SYSTEM32\sechost.dll
0x000007feffaa0000 - 0x000007feffbcd000 	C:\Windows\system32\RPCRT4.dll
0x0000000077850000 - 0x000000007794a000 	C:\Windows\system32\USER32.dll
0x000007feffbf0000 - 0x000007feffc57000 	C:\Windows\system32\GDI32.dll
0x000007feff7e0000 - 0x000007feff7ee000 	C:\Windows\system32\LPK.dll
0x000007fefdf20000 - 0x000007fefdfe9000 	C:\Windows\system32\USP10.dll
0x000007fefc360000 - 0x000007fefc554000 	C:\Windows\WinSxS\amd64_microsoft.windows.common-controls_6595b64144ccf1df_6.0.7601.17514_none_fa396087175ac9ac\COMCTL32.dll
0x000007feff760000 - 0x000007feff7d1000 	C:\Windows\system32\SHLWAPI.dll
0x000007fefdc70000 - 0x000007fefdc9e000 	C:\Windows\system32\IMM32.DLL
0x000007feff520000 - 0x000007feff629000 	C:\Windows\system32\MSCTF.dll
0x0000000072060000 - 0x0000000072132000 	C:\Program Files\Java\jre1.8.0_161\bin\msvcr100.dll
0x0000000070d20000 - 0x00000000715bf000 	C:\Program Files\Java\jre1.8.0_161\bin\server\jvm.dll
0x000007fef8aa0000 - 0x000007fef8aa9000 	C:\Windows\system32\WSOCK32.dll
0x000007feff9b0000 - 0x000007feff9fd000 	C:\Windows\system32\WS2_32.dll
0x000007fefdeb0000 - 0x000007fefdeb8000 	C:\Windows\system32\NSI.dll
0x000007fefad70000 - 0x000007fefadab000 	C:\Windows\system32\WINMM.dll
0x000007fefc9f0000 - 0x000007fefc9fc000 	C:\Windows\system32\VERSION.dll
0x0000000077b10000 - 0x0000000077b17000 	C:\Windows\system32\PSAPI.DLL
0x0000000074180000 - 0x000000007418f000 	C:\Program Files\Java\jre1.8.0_161\bin\verify.dll
0x00000000728c0000 - 0x00000000728e9000 	C:\Program Files\Java\jre1.8.0_161\bin\java.dll
0x0000000073990000 - 0x00000000739a6000 	C:\Program Files\Java\jre1.8.0_161\bin\zip.dll
0x000007fefdff0000 - 0x000007fefed78000 	C:\Windows\system32\SHELL32.dll
0x000007fefdca0000 - 0x000007fefdea3000 	C:\Windows\system32\ole32.dll
0x000007fefd8a0000 - 0x000007fefd8af000 	C:\Windows\system32\profapi.dll
0x0000000072be0000 - 0x0000000072bed000 	C:\Program Files\Java\jre1.8.0_161\bin\management.dll
0x0000000071ec0000 - 0x0000000072058000 	C:\Program Files\Java\jre1.8.0_161\bin\awt.dll
0x000007feff7f0000 - 0x000007feff8c7000 	C:\Windows\system32\OLEAUT32.dll
0x000007fefc040000 - 0x000007fefc096000 	C:\Windows\system32\uxtheme.dll
0x000007fefba20000 - 0x000007fefba38000 	C:\Windows\system32\dwmapi.dll
0x000007fefd790000 - 0x000007fefd79f000 	C:\Windows\system32\CRYPTBASE.dll
0x000007feefc20000 - 0x000007feefd3d000 	C:\Windows\system32\opengl32.dll
0x000007fef70d0000 - 0x000007fef70fd000 	C:\Windows\system32\GLU32.dll
0x000007fef0e60000 - 0x000007fef0f51000 	C:\Windows\system32\DDRAW.dll
0x000007fefa460000 - 0x000007fefa468000 	C:\Windows\system32\DCIMAN32.dll
0x000007feff0c0000 - 0x000007feff297000 	C:\Windows\system32\SETUPAPI.dll
0x000007fefdb50000 - 0x000007fefdb86000 	C:\Windows\system32\CFGMGR32.dll
0x000007fefdac0000 - 0x000007fefdada000 	C:\Windows\system32\DEVOBJ.dll
0x000007feef5e0000 - 0x000007feef7df000 	C:\Windows\system32\d3d9.dll
0x000007fefa5b0000 - 0x000007fefa5b7000 	C:\Windows\system32\d3d8thk.dll
0x000007fef6960000 - 0x000007fef6974000 	C:\Windows\system32\vm3dum64_loader.dll
0x000007fef2310000 - 0x000007fef237b000 	C:\Windows\system32\vm3dum64.dll
0x000007fef91d0000 - 0x000007fef92f5000 	C:\Windows\system32\dbghelp.dll
0x0000000072870000 - 0x00000000728b7000 	C:\Program Files\Java\jre1.8.0_161\bin\fontmanager.dll
0x0000000072440000 - 0x000000007245a000 	C:\Program Files\Java\jre1.8.0_161\bin\net.dll
0x000007fefd190000 - 0x000007fefd1e5000 	C:\Windows\system32\mswsock.dll
0x000007fefd2f0000 - 0x000007fefd2f7000 	C:\Windows\System32\wship6.dll
0x0000000071ea0000 - 0x0000000071eb1000 	C:\Program Files\Java\jre1.8.0_161\bin\nio.dll
0x000007fefd1f0000 - 0x000007fefd207000 	C:\Windows\system32\CRYPTSP.dll
0x000007fefcdf0000 - 0x000007fefce37000 	C:\Windows\system32\rsaenh.dll
0x000007fefcbf0000 - 0x000007fefcc0e000 	C:\Windows\system32\USERENV.dll
0x000007fefb8f0000 - 0x000007fefb917000 	C:\Windows\system32\IPHLPAPI.DLL
0x000007fefb780000 - 0x000007fefb78b000 	C:\Windows\system32\WINNSI.DLL
0x000007fefb640000 - 0x000007fefb651000 	C:\Windows\system32\dhcpcsvc6.DLL
0x000007fefb610000 - 0x000007fefb628000 	C:\Windows\system32\dhcpcsvc.DLL
0x0000000071e50000 - 0x0000000071e92000 	C:\Program Files\Java\jre1.8.0_161\bin\t2k.dll
0x0000000071e10000 - 0x0000000071e41000 	C:\Program Files\Java\jre1.8.0_161\bin\jpeg.dll
0x000007fefeea0000 - 0x000007fefef39000 	C:\Windows\system32\CLBCatQ.DLL
0x000007fefb790000 - 0x000007fefb8ba000 	C:\Windows\system32\WindowsCodecs.dll
0x000007fefd730000 - 0x000007fefd787000 	C:\Windows\system32\apphelp.dll
0x000007fef9ba0000 - 0x000007fef9bd5000 	C:\Windows\system32\EhStorShell.dll
0x000007fefc0d0000 - 0x000007fefc1fc000 	C:\Windows\system32\PROPSYS.dll
0x000007fef9b00000 - 0x000007fef9b80000 	C:\Windows\system32\ntshrui.dll
0x000007fefd340000 - 0x000007fefd363000 	C:\Windows\system32\srvcli.dll
0x000007fef9830000 - 0x000007fef983f000 	C:\Windows\system32\cscapi.dll
0x000007fefbf30000 - 0x000007fefbf3b000 	C:\Windows\system32\slc.dll

VM Arguments:
java_command: com.st.microxplorer.maingui.STM32CubeMX C:\Users\kien\Documents\Project2\Project2.ioc
java_class_path (initial): C:\Program Files\STMicroelectronics\STM32Cube\STM32CubeMX\STM32CubeMX.exe;anything
Launcher Type: SUN_STANDARD

Environment Variables:
PATH=C:\Program Files\STMicroelectronics\STM32Cube\STM32CubeMX\;C:\ProgramData\Oracle\Java\javapath;C:\Windows\system32;C:\Windows;C:\Windows\System32\Wbem;C:\Windows\System32\WindowsPowerShell\v1.0\;C:\Program Files\Java\jre1.8.0_161\bin
USERNAME=kien
OS=Windows_NT
PROCESSOR_IDENTIFIER=Intel64 Family 6 Model 61 Stepping 4, GenuineIntel



---------------  S Y S T E M  ---------------

OS: Windows 7 , 64 bit Build 7601 (6.1.7601.17514)

CPU:total 1 (initial active 1) (1 cores per cpu, 1 threads per core) family 6 model 61 stepping 4, cmov, cx8, fxsr, mmx, sse, sse2, sse3, ssse3, sse4.1, sse4.2, popcnt, avx, avx2, aes, clmul, erms, 3dnowpref, lzcnt, tsc, tscinvbit, bmi1, bmi2, adx

Memory: 4k page, physical 4193784k(2562364k free), swap 8385724k(6809180k free)

vm_info: Java HotSpot(TM) 64-Bit Server VM (25.161-b12) for windows-amd64 JRE (1.8.0_161-b12), built on Dec 19 2017 17:52:25 by "java_re" with MS VC++ 10.0 (VS2010)

time: Wed Apr 11 08:42:05 2018
elapsed time: 8 seconds (0d 0h 0m 8s)

